{
  "RSpec": {
    "coverage": {
      "/Users/kushboozaman/Projects/week10/bank_tech/spec/account_spec.rb": {
        "lines": [
          null,
          null,
          1,
          1,
          null,
          1,
          9,
          1,
          1,
          null,
          1,
          1,
          1,
          1,
          null,
          null,
          1,
          1,
          2,
          null,
          null,
          null,
          1,
          1,
          1,
          1,
          null,
          null,
          1,
          1,
          1,
          2,
          null,
          null,
          null,
          1,
          1,
          1,
          1,
          1,
          null,
          null,
          1,
          1,
          1,
          2,
          null,
          null,
          null,
          1,
          1,
          1,
          1,
          1,
          2,
          null,
          null,
          null,
          null,
          null,
          null
        ]
      },
      "/Users/kushboozaman/Projects/week10/bank_tech/lib/account.rb": {
        "lines": [
          null,
          null,
          null,
          1,
          1,
          null,
          1,
          8,
          8,
          8,
          null,
          null,
          1,
          6,
          6,
          6,
          6,
          6,
          null,
          null,
          1,
          3,
          3,
          3,
          3,
          3,
          null,
          null,
          1,
          4,
          4,
          null,
          null,
          1,
          null,
          1,
          4,
          6,
          6,
          null,
          4,
          null,
          2,
          null,
          0,
          null,
          null,
          null,
          null
        ]
      }
    },
    "timestamp": 1633004026
  }
}
